{"numFailedTestSuites":0,"numFailedTests":0,"numPassedTestSuites":2,"numPassedTests":11,"numPendingTestSuites":0,"numPendingTests":0,"numRuntimeErrorTestSuites":0,"numTodoTests":0,"numTotalTestSuites":2,"numTotalTests":11,"openHandles":[],"snapshot":{"added":0,"didUpdate":false,"failure":false,"filesAdded":0,"filesRemoved":0,"filesRemovedList":[],"filesUnmatched":0,"filesUpdated":0,"matched":0,"total":0,"unchecked":0,"uncheckedKeysByFile":[],"unmatched":0,"updated":0},"startTime":1785759430445,"success":true,"testResults":[{"assertionResults":[{"ancestorTitles":["POST /api/auth/signup"],"duration":374,"failureDetails":[],"failureMessages":[],"fullName":"POST /api/auth/signup should create a user and return tokens","invocations":1,"location":null,"numPassingAsserts":5,"retryReasons":[],"status":"passed","title":"should create a user and return tokens"},{"ancestorTitles":["POST /api/auth/signup"],"duration":10,"failureDetails":[],"failureMessages":[],"fullName":"POST /api/auth/signup should reject weak passwords","invocations":1,"location":null,"numPassingAsserts":1,"retryReasons":[],"status":"passed","title":"should reject weak passwords"},{"ancestorTitles":["POST /api/auth/signup"],"duration":340,"failureDetails":[],"failureMessages":[],"fullName":"POST /api/auth/signup should reject duplicate emails","invocations":1,"location":null,"numPassingAsserts":1,"retryReasons":[],"status":"passed","title":"should reject duplicate emails"},{"ancestorTitles":["POST /api/auth/login"],"duration":568,"failureDetails":[],"failureMessages":[],"fullName":"POST /api/auth/login should login with valid credentials","invocations":1,"location":null,"numPassingAsserts":2,"retryReasons":[],"status":"passed","title":"should login with valid credentials"},{"ancestorTitles":["POST /api/auth/login"],"duration":574,"failureDetails":[],"failureMessages":[],"fullName":"POST /api/auth/login should reject wrong password","invocations":1,"location":null,"numPassingAsserts":1,"retryReasons":[],"status":"passed","title":"should reject wrong password"},{"ancestorTitles":["GET /api/users/:userId"],"duration":292,"failureDetails":[],"failureMessages":[],"fullName":"GET /api/users/:userId should return 400 for invalid user ID format","invocations":1,"location":null,"numPassingAsserts":2,"retryReasons":[],"status":"passed","title":"should return 400 for invalid user ID format"},{"ancestorTitles":["GET /api/users/:userId"],"duration":294,"failureDetails":[],"failureMessages":[],"fullName":"GET /api/users/:userId should return 404 for non-existent user","invocations":1,"location":null,"numPassingAsserts":2,"retryReasons":[],"status":"passed","title":"should return 404 for non-existent user"},{"ancestorTitles":["POST /api/auth/refresh"],"duration":317,"failureDetails":[],"failureMessages":[],"fullName":"POST /api/auth/refresh should rotate refresh token","invocations":1,"location":null,"numPassingAsserts":4,"retryReasons":[],"status":"passed","title":"should rotate refresh token"},{"ancestorTitles":["POST /api/auth/refresh"],"duration":311,"failureDetails":[],"failureMessages":[],"fullName":"POST /api/auth/refresh should reject reused refresh token after rotation","invocations":1,"location":null,"numPassingAsserts":2,"retryReasons":[],"status":"passed","title":"should reject reused refresh token after rotation"},{"ancestorTitles":["POST /api/auth/logout"],"duration":288,"failureDetails":[],"failureMessages":[],"fullName":"POST /api/auth/logout should clear cookie and revoke token","invocations":1,"location":null,"numPassingAsserts":3,"retryReasons":[],"status":"passed","title":"should clear cookie and revoke token"}],"endTime":1785759436734,"message":"","name":"D:\\DARSHAN\\Darshan\\backend\\tests\\auth.integration.test.js","startTime":1785759430516,"status":"passed","summary":""},{"assertionResults":[{"ancestorTitles":["GET /health"],"duration":7,"failureDetails":[],"failureMessages":[],"fullName":"GET /health returns status ok","invocations":1,"location":null,"numPassingAsserts":5,"retryReasons":[],"status":"passed","title":"returns status ok"}],"endTime":1785759437428,"message":"","name":"D:\\DARSHAN\\Darshan\\backend\\tests\\health.test.js","startTime":1785759436755,"status":"passed","summary":""}],"wasInterrupted":false}
